2024-11-11 14:47:57:4757 [32minfo[39m: [32mGET /cars - Winston[39m
2024-11-11 14:49:19:4919 [32minfo[39m: [32mGET /cars - Winston[39m
2024-11-11 14:49:19:4919 [31merror[39m: [31mundefined - undefined - Winston[39m
2024-11-11 14:50:17:5017 [32minfo[39m: [32mGET /cars - Winston[39m
2024-11-11 14:50:17:5017 [31merror[39m: [31m500 - undefined - Winston[39m
2024-11-11 14:50:39:5039 [32minfo[39m: [32mGET /cars - Winston[39m
2024-11-11 14:50:39:5039 [31merror[39m: [31m500 - Error Nah - Winston[39m
2024-11-11 14:51:44:5144 [31merror[39m: [31m500 - Error Nah - Winston[39m
2024-11-11 14:51:44:5144 [32minfo[39m: [32mGET / - 57ms[39m
2024-11-11 14:51:45:5145 [31merror[39m: [31m500 - Error Nah - Winston[39m
2024-11-11 14:51:45:5145 [32minfo[39m: [32mGET / - 5ms[39m
2024-11-11 14:54:40:5440 [32minfo[39m: [32mGET / - 52ms[39m
2024-11-11 14:54:40:5440 [31merror[39m: [31m500 - Error Nah - 7 ms - Winston[39m
2024-11-11 14:54:41:5441 [32minfo[39m: [32mGET / - 4ms[39m
2024-11-11 14:54:41:5441 [31merror[39m: [31m500 - Error Nah - 2 ms - Winston[39m
2024-11-11 14:54:41:5441 [32minfo[39m: [32mGET / - 4ms[39m
2024-11-11 14:54:41:5441 [31merror[39m: [31m500 - Error Nah - 2 ms - Winston[39m
2024-11-11 14:55:43:5543 [32minfo[39m: [32mGET / - 6ms[39m
2024-11-11 14:55:43:5543 [31merror[39m: [31m500 - Error Nah - 2 ms - Winston[39m
2024-11-11 14:55:49:5549 [32minfo[39m: [32mGET / - 3ms[39m
2024-11-11 14:55:49:5549 [31merror[39m: [31m500 - Error Nah - 1 ms - Winston[39m
2024-11-11 15:00:34:034 [32minfo[39m: [32mGET / - 62ms[39m
2024-11-11 15:46:07:467 [32minfo[39m: [32mGET / - 91ms[39m
2024-11-11 15:46:20:4620 [32minfo[39m: [32mGET / - 5ms[39m
2024-11-11 15:46:38:4638 [32minfo[39m: [32mGET / - 5ms[39m
2024-11-11 15:47:01:471 [32minfo[39m: [32mGET / - 76ms[39m
2024-11-11 15:48:18:4818 [32minfo[39m: [32mGET / - 14ms[39m
2024-11-11 15:48:41:4841 [32minfo[39m: [32mGET / - 4ms[39m
2024-11-11 15:49:41:4941 [32minfo[39m: [32mGET / - 4ms[39m
2024-11-11 15:50:25:5025 [32minfo[39m: [32mGET / - 4ms[39m
2024-11-11 15:54:34:5434 [32minfo[39m: [32mGET / - 10ms[39m
2024-11-11 15:57:05:575 [32minfo[39m: [32mGET / - 8ms[39m
2024-11-11 15:57:08:578 [32minfo[39m: [32mGET / - 5ms[39m
2024-11-11 15:57:09:579 [32minfo[39m: [32mGET / - 4ms[39m
2024-11-11 15:57:10:5710 [32minfo[39m: [32mGET / - 4ms[39m
2024-11-11 15:57:11:5711 [32minfo[39m: [32mGET / - 4ms[39m
2024-11-11 15:58:16:5816 [32minfo[39m: [32mGET / - 4ms[39m
2024-11-11 15:59:16:5916 [32minfo[39m: [32mGET / - 12ms[39m
2024-11-11 16:06:05:65 [32minfo[39m: [32mGET / - 5ms[39m
2024-11-11 16:09:28:928 [32minfo[39m: [32mGET / - 184ms[39m
2024-11-11 16:09:36:936 [32minfo[39m: [32mGET / - 4ms[39m
2024-11-11 16:09:40:940 [32minfo[39m: [32mGET / - 4ms[39m
2024-11-11 16:10:23:1023 [32minfo[39m: [32mGET / - 4ms[39m
